2022-04-03 14:52:52.592449 [WARN] [DownloadEngineFactory.cc:197] Neither --rpc-secret nor a combination of --rpc-user and --rpc-passwd is set. This is insecure. It is extremely recommended to specify --rpc-secret with the adequate secrecy or now deprecated --rpc-user and --rpc-passwd.
2022-04-03 14:52:52.592449 [NOTICE] [HttpListenCommand.cc:111] IPv4 RPC: listening on TCP port 6800
2022-04-03 14:53:53.315876 [NOTICE] [SaveSessionCommand.cc:81] Serialized session to 'aria2.session' successfully.
2022-04-03 15:00:45.892590 [WARN] [DownloadEngineFactory.cc:197] Neither --rpc-secret nor a combination of --rpc-user and --rpc-passwd is set. This is insecure. It is extremely recommended to specify --rpc-secret with the adequate secrecy or now deprecated --rpc-user and --rpc-passwd.
2022-04-03 15:00:45.892590 [NOTICE] [HttpListenCommand.cc:111] IPv4 RPC: listening on TCP port 6800
2022-04-03 15:01:04.036455 [WARN] [DownloadEngineFactory.cc:197] Neither --rpc-secret nor a combination of --rpc-user and --rpc-passwd is set. This is insecure. It is extremely recommended to specify --rpc-secret with the adequate secrecy or now deprecated --rpc-user and --rpc-passwd.
2022-04-03 15:01:04.052076 [NOTICE] [HttpListenCommand.cc:111] IPv4 RPC: listening on TCP port 6800
2022-04-03 15:02:08.576791 [WARN] [DownloadEngineFactory.cc:197] Neither --rpc-secret nor a combination of --rpc-user and --rpc-passwd is set. This is insecure. It is extremely recommended to specify --rpc-secret with the adequate secrecy or now deprecated --rpc-user and --rpc-passwd.
2022-04-03 15:02:08.576791 [NOTICE] [HttpListenCommand.cc:111] IPv4 RPC: listening on TCP port 6800
2022-04-03 15:03:08.883053 [NOTICE] [SaveSessionCommand.cc:81] Serialized session to 'aria2.session' successfully.
2022-04-03 15:03:09.080054 [NOTICE] [RequestGroup.cc:1160] Download complete: Aria2Data/trackers_all.txt
2022-04-03 15:04:09.528269 [NOTICE] [SaveSessionCommand.cc:81] Serialized session to 'aria2.session' successfully.
2022-04-03 15:04:52.938447 [WARN] [DownloadEngineFactory.cc:197] Neither --rpc-secret nor a combination of --rpc-user and --rpc-passwd is set. This is insecure. It is extremely recommended to specify --rpc-secret with the adequate secrecy or now deprecated --rpc-user and --rpc-passwd.
2022-04-03 15:04:52.938447 [NOTICE] [HttpListenCommand.cc:111] IPv4 RPC: listening on TCP port 6800
2022-04-03 15:05:03.867137 [NOTICE] [SaveSessionCommand.cc:81] Serialized session to 'aria2.session' successfully.
2022-04-03 15:06:43.074717 [WARN] [DownloadEngineFactory.cc:197] Neither --rpc-secret nor a combination of --rpc-user and --rpc-passwd is set. This is insecure. It is extremely recommended to specify --rpc-secret with the adequate secrecy or now deprecated --rpc-user and --rpc-passwd.
2022-04-03 15:06:43.074717 [NOTICE] [HttpListenCommand.cc:111] IPv4 RPC: listening on TCP port 6800
2022-04-03 15:06:53.131839 [NOTICE] [SaveSessionCommand.cc:81] Serialized session to '.\aria2.session' successfully.
2022-04-03 15:07:03.856698 [NOTICE] [SaveSessionCommand.cc:81] Serialized session to '.\aria2.session' successfully.
2022-04-03 15:07:15.059183 [ERROR] [AbstractCommand.cc:350] CUID#10 - Download aborted. URI=https://raw.githubusercontent.com/ngosang/trackerslist/master/trackers_all_udp.txt
Exception: [AbstractCommand.cc:350] errorCode=1 URI=https://raw.githubusercontent.com/ngosang/trackerslist/master/trackers_all_udp.txt
  -> [SocketCore.cc:875] errorCode=1 SSL/TLS handshake failure: Error: 提供的消息不完整。无法验证签名。
(80090318)
2022-04-03 15:07:15.059183 [NOTICE] [RequestGroupMan.cc:388] Download GID#eba8578ec2d79786 not complete: 
2022-04-03 15:07:22.646063 [NOTICE] [RequestGroup.cc:1160] Download complete: Aria2Data/trackers_all_udp.txt
2022-04-03 15:07:24.856025 [NOTICE] [SaveSessionCommand.cc:81] Serialized session to '.\aria2.session' successfully.
2022-04-03 15:17:21.870962 [WARN] [DownloadEngineFactory.cc:197] Neither --rpc-secret nor a combination of --rpc-user and --rpc-passwd is set. This is insecure. It is extremely recommended to specify --rpc-secret with the adequate secrecy or now deprecated --rpc-user and --rpc-passwd.
2022-04-03 15:17:21.870962 [NOTICE] [HttpListenCommand.cc:111] IPv4 RPC: listening on TCP port 6800
2022-04-03 15:17:31.930375 [NOTICE] [SaveSessionCommand.cc:81] Serialized session to '.\aria2.session' successfully.
2022-04-03 15:17:52.586566 [NOTICE] [SaveSessionCommand.cc:81] Serialized session to '.\aria2.session' successfully.
2022-04-03 15:18:05.138614 [ERROR] [AbstractCommand.cc:350] CUID#9 - Download aborted. URI=https://raw.githubusercontent.com/ngosang/trackerslist/master/trackers_all.txt
Exception: [AbstractCommand.cc:350] errorCode=1 URI=https://raw.githubusercontent.com/ngosang/trackerslist/master/trackers_all.txt
  -> [SocketCore.cc:875] errorCode=1 SSL/TLS handshake failure: Error: 提供的消息不完整。无法验证签名。
(80090318)
2022-04-03 15:18:05.138614 [NOTICE] [RequestGroupMan.cc:388] Download GID#0fc78f29da342236 not complete: 
2022-04-03 15:19:06.041408 [NOTICE] [SaveSessionCommand.cc:81] Serialized session to '.\aria2.session' successfully.
2022-04-03 15:19:25.236591 [ERROR] [AbstractCommand.cc:350] CUID#12 - Download aborted. URI=https://raw.githubusercontent.com/ngosang/trackerslist/master/trackers_all.txt
Exception: [AbstractCommand.cc:350] errorCode=1 URI=https://raw.githubusercontent.com/ngosang/trackerslist/master/trackers_all.txt
  -> [SocketCore.cc:875] errorCode=1 SSL/TLS handshake failure: Error: 提供的消息不完整。无法验证签名。
(80090318)
2022-04-03 15:19:25.236591 [NOTICE] [RequestGroupMan.cc:388] Download GID#a3963d169019a083 not complete: 
2022-04-03 15:23:32.984876 [WARN] [DownloadEngineFactory.cc:197] Neither --rpc-secret nor a combination of --rpc-user and --rpc-passwd is set. This is insecure. It is extremely recommended to specify --rpc-secret with the adequate secrecy or now deprecated --rpc-user and --rpc-passwd.
2022-04-03 15:23:32.984876 [NOTICE] [HttpListenCommand.cc:111] IPv4 RPC: listening on TCP port 6800
2022-04-03 15:23:33.586981 [NOTICE] [RequestGroup.cc:1160] Download complete: Aria2Data/trackers_all.txt
2022-04-03 15:23:43.041363 [NOTICE] [SaveSessionCommand.cc:81] Serialized session to '.\aria2.session' successfully.
2022-04-03 15:25:05.631063 [NOTICE] [SaveSessionCommand.cc:81] Serialized session to '.\aria2.session' successfully.
2022-04-03 15:25:20.456270 [WARN] [DownloadEngineFactory.cc:197] Neither --rpc-secret nor a combination of --rpc-user and --rpc-passwd is set. This is insecure. It is extremely recommended to specify --rpc-secret with the adequate secrecy or now deprecated --rpc-user and --rpc-passwd.
2022-04-03 15:25:20.456270 [NOTICE] [HttpListenCommand.cc:111] IPv4 RPC: listening on TCP port 6800
2022-04-03 15:25:30.591332 [NOTICE] [SaveSessionCommand.cc:81] Serialized session to '.\aria2.session' successfully.
2022-04-03 15:26:26.464487 [WARN] [DownloadEngineFactory.cc:197] Neither --rpc-secret nor a combination of --rpc-user and --rpc-passwd is set. This is insecure. It is extremely recommended to specify --rpc-secret with the adequate secrecy or now deprecated --rpc-user and --rpc-passwd.
2022-04-03 15:26:26.464487 [NOTICE] [HttpListenCommand.cc:111] IPv4 RPC: listening on TCP port 6800
2022-04-03 15:26:37.048821 [NOTICE] [SaveSessionCommand.cc:81] Serialized session to '.\aria2.session' successfully.
2022-04-03 15:26:43.541902 [NOTICE] [RequestGroup.cc:1160] Download complete: Aria2Data/trackers_all.txt
2022-04-03 15:27:05.866542 [WARN] [DownloadEngineFactory.cc:197] Neither --rpc-secret nor a combination of --rpc-user and --rpc-passwd is set. This is insecure. It is extremely recommended to specify --rpc-secret with the adequate secrecy or now deprecated --rpc-user and --rpc-passwd.
2022-04-03 15:27:05.866542 [NOTICE] [HttpListenCommand.cc:111] IPv4 RPC: listening on TCP port 6800
2022-04-03 15:27:16.205869 [NOTICE] [SaveSessionCommand.cc:81] Serialized session to '.\aria2.session' successfully.
2022-04-03 15:28:02.526856 [WARN] [DownloadEngineFactory.cc:197] Neither --rpc-secret nor a combination of --rpc-user and --rpc-passwd is set. This is insecure. It is extremely recommended to specify --rpc-secret with the adequate secrecy or now deprecated --rpc-user and --rpc-passwd.
2022-04-03 15:28:02.526856 [NOTICE] [HttpListenCommand.cc:111] IPv4 RPC: listening on TCP port 6800
2022-04-03 15:28:11.970455 [NOTICE] [RequestGroup.cc:250] GID#2fa93b145542a8ad - Download has already completed: Aria2Data/trackers_all.txt
2022-04-03 15:28:11.971452 [NOTICE] [RequestGroup.cc:1160] Download complete: Aria2Data/trackers_all.txt
2022-04-03 15:28:13.017691 [NOTICE] [SaveSessionCommand.cc:81] Serialized session to '.\aria2.session' successfully.
2022-04-03 15:28:45.141521 [WARN] [DownloadEngineFactory.cc:197] Neither --rpc-secret nor a combination of --rpc-user and --rpc-passwd is set. This is insecure. It is extremely recommended to specify --rpc-secret with the adequate secrecy or now deprecated --rpc-user and --rpc-passwd.
2022-04-03 15:28:45.141521 [NOTICE] [HttpListenCommand.cc:111] IPv4 RPC: listening on TCP port 6800
2022-04-03 15:28:55.592593 [NOTICE] [SaveSessionCommand.cc:81] Serialized session to '.\aria2.session' successfully.
2022-04-03 15:29:49.334628 [NOTICE] [RequestGroup.cc:250] GID#2fa93b145542a8ad - Download has already completed: Aria2Data/trackers_all.txt
2022-04-03 15:29:49.334628 [NOTICE] [RequestGroup.cc:1160] Download complete: Aria2Data/trackers_all.txt
2022-04-03 15:32:36.796084 [WARN] [DownloadEngineFactory.cc:197] Neither --rpc-secret nor a combination of --rpc-user and --rpc-passwd is set. This is insecure. It is extremely recommended to specify --rpc-secret with the adequate secrecy or now deprecated --rpc-user and --rpc-passwd.
2022-04-03 15:32:36.796084 [NOTICE] [HttpListenCommand.cc:111] IPv4 RPC: listening on TCP port 6800
2022-04-03 15:32:47.296848 [NOTICE] [SaveSessionCommand.cc:81] Serialized session to '.\aria2.session' successfully.
2022-04-03 15:33:14.894420 [WARN] [DownloadEngineFactory.cc:197] Neither --rpc-secret nor a combination of --rpc-user and --rpc-passwd is set. This is insecure. It is extremely recommended to specify --rpc-secret with the adequate secrecy or now deprecated --rpc-user and --rpc-passwd.
2022-04-03 15:33:14.894420 [NOTICE] [HttpListenCommand.cc:111] IPv4 RPC: listening on TCP port 6800
2022-04-03 15:33:24.969261 [NOTICE] [SaveSessionCommand.cc:81] Serialized session to '.\aria2.session' successfully.
2022-04-03 16:17:50.003209 [WARN] [DownloadEngineFactory.cc:197] Neither --rpc-secret nor a combination of --rpc-user and --rpc-passwd is set. This is insecure. It is extremely recommended to specify --rpc-secret with the adequate secrecy or now deprecated --rpc-user and --rpc-passwd.
2022-04-03 16:17:50.004208 [NOTICE] [HttpListenCommand.cc:111] IPv4 RPC: listening on TCP port 6800
2022-04-03 16:17:50.422781 [NOTICE] [RequestGroup.cc:250] GID#2fa93b145542a8ad - Download has already completed: Aria2Data/trackers_all.txt
2022-04-03 16:17:50.423297 [NOTICE] [RequestGroup.cc:1160] Download complete: Aria2Data/trackers_all.txt
2022-04-03 16:18:00.007973 [NOTICE] [SaveSessionCommand.cc:81] Serialized session to 'D:\aria2\aria2.session' successfully.
2022-04-03 16:18:39.563354 [NOTICE] [RequestGroup.cc:1160] Download complete: Aria2Data/E-Study Setup.exe
2022-04-03 16:18:40.378991 [NOTICE] [SaveSessionCommand.cc:81] Serialized session to 'D:\aria2\aria2.session' successfully.
2022-04-03 17:04:28.036759 [WARN] [DownloadEngineFactory.cc:197] Neither --rpc-secret nor a combination of --rpc-user and --rpc-passwd is set. This is insecure. It is extremely recommended to specify --rpc-secret with the adequate secrecy or now deprecated --rpc-user and --rpc-passwd.
2022-04-03 17:04:28.036759 [NOTICE] [HttpListenCommand.cc:111] IPv4 RPC: listening on TCP port 6800
2022-04-03 17:04:38.521609 [NOTICE] [SaveSessionCommand.cc:81] Serialized session to 'D:\aria2\aria2.session' successfully.
2022-04-03 19:54:19.517685 [WARN] [DownloadEngineFactory.cc:197] Neither --rpc-secret nor a combination of --rpc-user and --rpc-passwd is set. This is insecure. It is extremely recommended to specify --rpc-secret with the adequate secrecy or now deprecated --rpc-user and --rpc-passwd.
2022-04-03 19:54:19.518682 [NOTICE] [HttpListenCommand.cc:111] IPv4 RPC: listening on TCP port 6800
2022-04-03 19:54:29.689092 [NOTICE] [SaveSessionCommand.cc:81] Serialized session to 'aria2.session' successfully.
2022-04-04 00:57:06.944604 [ERROR] [DHTSetup.cc:107] Exception caught while loading DHT routing table from C:\Users\16249/.aria2/dht.dat
Exception: [DHTRoutingTableDeserializer.cc:83] errorCode=1 Failed to load DHT routing table from C:\Users\16249/.aria2/dht.dat
2022-04-04 00:57:06.945604 [NOTICE] [DHTConnectionImpl.cc:84] IPv4 DHT: listening on UDP port 6925
2022-04-04 00:57:06.946600 [NOTICE] [PeerListenCommand.cc:83] IPv4 BitTorrent: listening on TCP port 51413
2022-04-04 00:57:13.050242 [NOTICE] [SaveSessionCommand.cc:81] Serialized session to 'aria2.session' successfully.
2022-04-04 01:00:08.048228 [NOTICE] [SaveSessionCommand.cc:81] Serialized session to 'aria2.session' successfully.
2022-04-04 01:00:27.902074 [NOTICE] [RequestGroup.cc:1160] Download complete: [METADATA][Moozzi2]+狗与剪刀的正确用法+Inu+to+Hasami+wa+Tsukaiyou+1-12+(BD+1920x1080+x.264+FLACx2)内附字幕（死不如剪刀狗）
2022-04-04 01:00:28.027731 [NOTICE] [UTMetadataPostDownloadHandler.cc:94] Saved metadata as Aria2Data/50b6bed86ae806d8b8b1edc37617686df36d3955.torrent.
2022-04-04 01:04:42.294764 [NOTICE] [RequestGroupMan.cc:339] Download GID#f2103682f377b868 paused
2022-04-04 01:04:42.381083 [NOTICE] [SaveSessionCommand.cc:81] Serialized session to 'aria2.session' successfully.
2022-04-04 01:04:52.325424 [NOTICE] [SaveSessionCommand.cc:81] Serialized session to 'aria2.session' successfully.
2022-04-04 01:05:13.166454 [NOTICE] [SaveSessionCommand.cc:81] Serialized session to 'aria2.session' successfully.
2022-04-04 02:06:46.411161 [NOTICE] [RequestGroup.cc:1160] Download complete: [METADATA][Snow-Raws]+狗与剪刀的正确用法/Inu+to+Hasami+wa+Tsukaiyou/犬とハサミは使いよう+(BD+1920x1080+HEVC-YUV420P10+FLAC)
2022-04-04 02:06:46.504880 [NOTICE] [UTMetadataPostDownloadHandler.cc:94] Saved metadata as Aria2Data/f67a1b99511dcc95dd9641f3d9e940e5010668d8.torrent.
2022-04-04 02:06:51.832842 [NOTICE] [SaveSessionCommand.cc:81] Serialized session to 'aria2.session' successfully.
2022-04-04 02:38:51.566203 [NOTICE] [RequestGroupMan.cc:388] Download GID#ef3f225e86c49545 not complete: Aria2Data/[Snow-Raws] 犬とハサミは使いよう
2022-04-04 02:38:51.627010 [NOTICE] [SaveSessionCommand.cc:81] Serialized session to 'aria2.session' successfully.
2022-04-04 02:43:01.901794 [NOTICE] [SaveSessionCommand.cc:81] Serialized session to 'aria2.session' successfully.
2022-04-04 02:43:54.736773 [NOTICE] [RequestGroup.cc:1160] Download complete: Aria2Data/狗与剪刀的正确用法.zip
2022-04-04 02:44:01.940192 [NOTICE] [SaveSessionCommand.cc:81] Serialized session to 'aria2.session' successfully.
2022-04-04 09:37:41.172453 [NOTICE] [DefaultPieceStorage.cc:470] Download of selected files was complete.
2022-04-04 09:37:46.269759 [NOTICE] [SaveSessionCommand.cc:81] Serialized session to 'aria2.session' successfully.
2022-04-04 10:46:18.779604 [WARN] [DownloadEngineFactory.cc:197] Neither --rpc-secret nor a combination of --rpc-user and --rpc-passwd is set. This is insecure. It is extremely recommended to specify --rpc-secret with the adequate secrecy or now deprecated --rpc-user and --rpc-passwd.
2022-04-04 10:46:18.779604 [NOTICE] [HttpListenCommand.cc:111] IPv4 RPC: listening on TCP port 6800
2022-04-04 10:46:28.949096 [NOTICE] [SaveSessionCommand.cc:81] Serialized session to 'aria2.session' successfully.
2022-04-04 11:01:48.894887 [NOTICE] [DHTConnectionImpl.cc:84] IPv4 DHT: listening on UDP port 6964
2022-04-04 11:01:48.930759 [NOTICE] [PeerListenCommand.cc:83] IPv4 BitTorrent: listening on TCP port 51413
2022-04-04 11:01:57.081064 [NOTICE] [SaveSessionCommand.cc:81] Serialized session to 'aria2.session' successfully.
2022-04-04 11:02:15.023718 [NOTICE] [RequestGroupMan.cc:339] Download GID#3a32eec479845421 paused
2022-04-04 11:02:22.040475 [NOTICE] [SaveSessionCommand.cc:81] Serialized session to 'aria2.session' successfully.
2022-04-04 11:02:32.065650 [NOTICE] [SaveSessionCommand.cc:81] Serialized session to 'aria2.session' successfully.
2022-04-04 11:03:02.460987 [NOTICE] [RequestGroupMan.cc:339] Download GID#d279081673c9919c paused
2022-04-04 11:03:02.898648 [NOTICE] [SaveSessionCommand.cc:81] Serialized session to 'aria2.session' successfully.
2022-04-04 11:03:12.929461 [NOTICE] [SaveSessionCommand.cc:81] Serialized session to 'aria2.session' successfully.
2022-04-04 11:03:23.035972 [NOTICE] [SaveSessionCommand.cc:81] Serialized session to 'aria2.session' successfully.
2022-04-04 11:06:34.463992 [NOTICE] [RequestGroupMan.cc:339] Download GID#d279081673c9919c paused
2022-04-04 11:06:42.176255 [NOTICE] [SaveSessionCommand.cc:81] Serialized session to 'aria2.session' successfully.
2022-04-04 11:06:53.026845 [NOTICE] [SaveSessionCommand.cc:81] Serialized session to 'aria2.session' successfully.
2022-04-04 11:07:03.051018 [NOTICE] [SaveSessionCommand.cc:81] Serialized session to 'aria2.session' successfully.
